16:51:59 THDataset[0124BED0] create.
16:52:00 TMSSQLAcs[012420E4] create.
16:52:02 trigerEvent0
16:52:02 new dbaccess ok
16:52:02 pool first
16:52:02 pool dbaccess
16:52:03 use pooled dbaccess
16:52:03 add listener
16:52:03 trigerEvent2
16:52:03 trigerEvent3
16:52:03 trigerEvent4
16:52:03 after dbresults :1
16:52:03 nextResponse:1
16:52:03 THField[01242458] create.
16:52:03 THField[01242524] create.
16:52:03 THField[012425DC] create.
16:52:03 THField[012426B0] create.
16:52:03 THField[01242768] create.
16:52:03 THField[01242830] create.
16:52:03 THField[012428E8] create.
16:52:03 THField[012429CC] create.
16:52:03 THField[01242A68] create.
16:52:04 THDataset[0124BED0] Datarows : 21
16:52:04 trigerEvent5
16:52:04 pool dbaccess
16:52:04 remove listener
16:52:22 THField[01242A68] Destroy.
16:52:22 THField[012429CC] Destroy.
16:52:22 THField[012428E8] Destroy.
16:52:22 THField[01242830] Destroy.
16:52:22 THField[01242768] Destroy.
16:52:22 THField[012426B0] Destroy.
16:52:22 THField[012425DC] Destroy.
16:52:22 THField[01242524] Destroy.
16:52:22 THField[01242458] Destroy.
16:52:22 use pooled dbaccess
16:52:22 add listener
16:52:22 trigerEvent2
16:52:22 trigerEvent3
16:52:22 trigerEvent4
16:52:22 after dbresults :1
16:52:22 nextResponse:1
16:52:22 THField[0124F0B0] create.
16:52:22 THField[0124F17C] create.
16:52:22 THField[0124F220] create.
16:52:22 THField[0124F2D8] create.
16:52:22 THField[0124F390] create.
16:52:22 THField[0124F458] create.
16:52:22 THField[0124F4FC] create.
16:52:22 THField[0124F5B4] create.
16:52:22 THField[0124F66C] create.
16:52:22 THField[0124F758] create.
16:52:22 THField[0124F810] create.
16:52:22 THField[0124F8C8] create.
16:52:22 THField[0124F980] create.
16:52:22 THField[0124FAAC] create.
16:52:22 THField[0124FB64] create.
16:52:22 THField[0124FC18] create.
16:52:22 THField[0124FCD0] create.
16:52:22 THField[0124FD88] create.
16:52:22 THField[0124FE3C] create.
16:52:22 THField[0124FEF0] create.
16:52:22 THField[0124E7B4] create.
16:52:22 THField[01241FA8] create.
16:52:22 THField[0124DEBC] create.
16:52:22 THField[0124DFFC] create.
16:52:22 THField[0124D258] create.
16:52:22 THField[0124D2E0] create.
16:52:22 THField[01242A0C] create.
16:52:22 THField[01242B48] create.
16:52:22 THField[01242BD0] create.
16:52:22 THField[01242DC0] create.
16:52:22 THField[01242E48] create.
16:52:22 THField[01242ED0] create.
16:52:24 THField[01242ED0] Destroy.
16:52:24 THField[01242E48] Destroy.
16:52:24 THField[01242DC0] Destroy.
16:52:24 THField[01242BD0] Destroy.
16:52:24 THField[01242B48] Destroy.
16:52:24 THField[01242A0C] Destroy.
16:52:24 THField[0124D2E0] Destroy.
16:52:24 THField[0124D258] Destroy.
16:52:24 THField[0124DFFC] Destroy.
16:52:24 THField[0124DEBC] Destroy.
16:52:24 THField[01241FA8] Destroy.
16:52:24 THField[0124E7B4] Destroy.
16:52:24 THField[0124FEF0] Destroy.
16:52:24 THField[0124FE3C] Destroy.
16:52:24 THField[0124FD88] Destroy.
16:52:24 THField[0124FCD0] Destroy.
16:52:24 THField[0124FC18] Destroy.
16:52:24 THField[0124FB64] Destroy.
16:52:24 THField[0124FAAC] Destroy.
16:52:24 THField[0124F980] Destroy.
16:52:24 THField[0124F8C8] Destroy.
16:52:24 THField[0124F810] Destroy.
16:52:24 THField[0124F758] Destroy.
16:52:24 THField[0124F66C] Destroy.
16:52:24 THField[0124F5B4] Destroy.
16:52:24 THField[0124F4FC] Destroy.
16:52:24 THField[0124F458] Destroy.
16:52:24 THField[0124F390] Destroy.
16:52:24 THField[0124F2D8] Destroy.
16:52:24 THField[0124F220] Destroy.
16:52:24 THField[0124F17C] Destroy.
16:52:24 THField[0124F0B0] Destroy.
16:52:24 trigerEvent5
16:52:24 pool dbaccess
16:52:24 remove listener
16:52:24 not pool dbaccess
16:52:26 begin free TMSSQLAcs
16:52:26 trigerEvent6
16:52:26 trigerEvent1
16:52:26 count=0
16:52:26 TMSSQLAcs[012420E4] Destroy.
16:52:26 begin free THDataset
16:52:26 THDataset[0124BED0] Destroy.
