19:35:40 THDataset[01229E70] create.
19:35:42 TMSSQLAcs[01222128] create.
19:35:42 trigerEvent0
19:35:44 add listener
19:35:44 trigerEvent2
19:35:44 trigerEvent3
19:35:44 trigerEvent4
19:35:44 after dbresults :1
19:35:44 nextResponse:1
19:35:44 THField[0122251C] create.
19:35:44 THField[012225E8] create.
19:35:44 THField[012226A0] create.
19:35:44 THField[01222774] create.
19:35:44 THField[0122282C] create.
19:35:44 THField[012228F4] create.
19:35:44 THField[012229AC] create.
19:35:44 THField[01222A90] create.
19:35:44 THField[01222B2C] create.
19:35:44 THDataset[01229E70] Datarows : 0
19:35:44 trigerEvent5
19:35:44 remove listener
19:35:44 AllocRecordBuffer
19:35:44 AllocRecordBuffer
19:36:31 THField[01222B2C] Destroy.
19:36:31 THField[01222A90] Destroy.
19:36:31 THField[012229AC] Destroy.
19:36:31 THField[012228F4] Destroy.
19:36:31 THField[0122282C] Destroy.
19:36:31 THField[01222774] Destroy.
19:36:31 THField[012226A0] Destroy.
19:36:31 THField[012225E8] Destroy.
19:36:31 THField[0122251C] Destroy.
19:36:31 add listener
19:36:31 trigerEvent2
19:36:31 trigerEvent3
19:36:31 trigerEvent4
19:36:31 after dbresults :1
19:36:31 nextResponse:1
19:36:31 THField[0122D614] create.
19:36:31 THField[0122D6F4] create.
19:36:31 THField[0122D7AC] create.
19:36:31 THField[0122D864] create.
19:36:31 THField[0122D91C] create.
19:36:31 THField[0122D9E4] create.
19:36:31 THField[0122DA88] create.
19:36:31 THField[0122DB40] create.
19:36:31 THField[0122DBF8] create.
19:36:31 AllocRecordBuffer
19:36:31 AllocRecordBuffer
19:36:31 AllocRecordBuffer
19:36:31 AllocRecordBuffer
19:36:31 AllocRecordBuffer
19:36:31 AllocRecordBuffer
19:36:31 AllocRecordBuffer
19:36:31 AllocRecordBuffer
19:36:31 AllocRecordBuffer
19:36:31 AllocRecordBuffer
19:36:31 AllocRecordBuffer
19:36:31 AllocRecordBuffer
19:36:31 AllocRecordBuffer
19:36:31 AllocRecordBuffer
19:36:31 AllocRecordBuffer
19:36:31 AllocRecordBuffer
19:36:31 AllocRecordBuffer
19:36:31 AllocRecordBuffer
19:36:31 AllocRecordBuffer
19:36:31 AllocRecordBuffer
19:36:31 AllocRecordBuffer
19:36:31 AllocRecordBuffer
19:36:31 AllocRecordBuffer
19:36:31 AllocRecordBuffer
19:36:31 THDataset[01229E70] Datarows : 21
19:36:31 trigerEvent5
19:36:32 remove listener
19:36:37 THField[0122DBF8] Destroy.
19:36:37 THField[0122DB40] Destroy.
19:36:37 THField[0122DA88] Destroy.
19:36:37 THField[0122D9E4] Destroy.
19:36:37 THField[0122D91C] Destroy.
19:36:37 THField[0122D864] Destroy.
19:36:37 THField[0122D7AC] Destroy.
19:36:37 THField[0122D6F4] Destroy.
19:36:37 THField[0122D614] Destroy.
19:36:37 add listener
19:36:37 trigerEvent2
19:36:37 trigerEvent3
19:36:37 trigerEvent4
19:36:37 after dbresults :1
19:36:37 nextResponse:1
19:36:37 THField[01231ADC] create.
19:36:37 THField[01231B94] create.
19:36:37 THField[01231C4C] create.
19:36:37 THField[01231D04] create.
19:36:37 THField[01231DBC] create.
19:36:37 THField[01231E84] create.
19:36:37 THField[01231F28] create.
19:36:37 THField[01231FE0] create.
19:36:37 THField[01232098] create.
19:36:37 THDataset[01229E70] Datarows : 10
19:36:37 trigerEvent5
19:36:37 remove listener
19:36:37 AllocRecordBuffer
19:36:37 AllocRecordBuffer
19:36:37 AllocRecordBuffer
19:36:37 AllocRecordBuffer
19:36:37 AllocRecordBuffer
19:36:37 AllocRecordBuffer
19:36:37 AllocRecordBuffer
19:36:38 AllocRecordBuffer
19:36:38 AllocRecordBuffer
19:36:38 AllocRecordBuffer
19:36:38 AllocRecordBuffer
19:36:38 AllocRecordBuffer
19:36:38 AllocRecordBuffer
19:36:38 AllocRecordBuffer
19:36:38 AllocRecordBuffer
19:36:38 AllocRecordBuffer
19:36:38 AllocRecordBuffer
19:36:38 AllocRecordBuffer
19:36:38 AllocRecordBuffer
19:36:38 AllocRecordBuffer
19:36:38 AllocRecordBuffer
19:36:38 AllocRecordBuffer
19:36:38 AllocRecordBuffer
19:36:38 AllocRecordBuffer
19:36:52 THField[01232098] Destroy.
19:36:52 THField[01231FE0] Destroy.
19:36:52 THField[01231F28] Destroy.
19:36:52 THField[01231E84] Destroy.
19:36:52 THField[01231DBC] Destroy.
19:36:52 THField[01231D04] Destroy.
19:36:52 THField[01231C4C] Destroy.
19:36:52 THField[01231B94] Destroy.
19:36:52 THField[01231ADC] Destroy.
19:36:52 add listener
19:36:52 trigerEvent2
19:36:52 trigerEvent3
19:36:52 trigerEvent5
19:36:52 remove listener
19:37:08 add listener
19:37:08 trigerEvent2
19:37:08 trigerEvent3
19:37:08 trigerEvent4
19:37:08 after dbresults :1
19:37:08 nextResponse:1
19:37:08 THField[01235C84] create.
19:37:08 THField[01235D50] create.
19:37:08 THField[01235E08] create.
19:37:08 THField[01235EC0] create.
19:37:08 THField[01235F78] create.
19:37:08 THField[01236040] create.
19:37:08 THField[012360E4] create.
19:37:08 THField[0123619C] create.
19:37:08 THField[01236254] create.
19:37:08 THDataset[01229E70] Datarows : 10
19:37:08 trigerEvent5
19:37:08 remove listener
19:37:08 AllocRecordBuffer
19:37:08 AllocRecordBuffer
19:37:08 AllocRecordBuffer
19:37:08 AllocRecordBuffer
19:37:08 AllocRecordBuffer
19:37:08 AllocRecordBuffer
19:37:08 AllocRecordBuffer
19:37:08 AllocRecordBuffer
19:37:08 AllocRecordBuffer
19:37:08 AllocRecordBuffer
19:37:08 AllocRecordBuffer
19:37:08 AllocRecordBuffer
19:37:08 AllocRecordBuffer
19:37:08 AllocRecordBuffer
19:37:08 AllocRecordBuffer
19:37:08 AllocRecordBuffer
19:37:08 AllocRecordBuffer
19:37:08 AllocRecordBuffer
19:37:08 AllocRecordBuffer
19:37:08 AllocRecordBuffer
19:37:08 AllocRecordBuffer
19:37:08 AllocRecordBuffer
19:37:08 AllocRecordBuffer
19:37:08 AllocRecordBuffer
19:37:11 THField[01236254] Destroy.
19:37:11 THField[0123619C] Destroy.
19:37:11 THField[012360E4] Destroy.
19:37:11 THField[01236040] Destroy.
19:37:11 THField[01235F78] Destroy.
19:37:11 THField[01235EC0] Destroy.
19:37:11 THField[01235E08] Destroy.
19:37:11 THField[01235D50] Destroy.
19:37:11 THField[01235C84] Destroy.
19:37:11 begin free THDataset
19:37:11 THDataset[01229E70] Destroy.
19:37:11 begin free TMSSQLAcs
19:37:11 trigerEvent6
19:37:11 trigerEvent1
19:37:11 count=0
19:37:11 TMSSQLAcs[01222128] Destroy.
