09:39:57 Filter[AfterExec]-Command:[银行非交易明细查询.1]营业部代码=001;客户号=;起始日期=20011113;结束日期=20011113;银行代码=;货币类型=;返回信息=;返回码=0;是否限制客户类别=1;查询结果集=TKCDataset;
09:40:04 Filter[BeforeExec]-Command:[银行非交易明细查询.1]营业部代码=001;客户号=;起始日期=20011114;结束日期=20011114;银行代码=;货币类型=;返回信息=;返回码=;是否限制客户类别=1;查询结果集=;
09:40:04 Offsets
09:40:04 sbranch_code1 : 47
09:40:04 scust_no : 0
09:40:04 sdate0 : 11
09:40:04 sdate1 : 20
09:40:04 sbank_code : 68
09:40:04 scurrency_type : 40
09:40:04 lvol1 : 29
09:40:04 sbranch_code0 : 43
09:40:04 semp : 33
09:40:04 sstation0 : 51
09:40:04 TKCDataset.ParamCount=10
09:40:04 TKCDataset.sbranch_code1=001
09:40:04 TKCDataset.scust_no=
09:40:04 TKCDataset.sdate0=20011114
09:40:04 TKCDataset.sdate1=20011114
09:40:04 TKCDataset.sbank_code=
09:40:04 TKCDataset.scurrency_type=
09:40:04 TKCDataset.lvol1=1
09:40:04 TKCDataset.sbranch_code0=001
09:40:04 TKCDataset.semp=001001
09:40:04 TKCDataset.sstation0=0080C8DBD597
09:40:04 FuncNo=880,RequestType=120527
09:40:04 ======== Dump Send[03417FF4] ========
09:40:04 RequestType=120527
09:40:04 FirstFlag=1
09:40:04 NextFlag=0
09:40:04 RecCount=1
09:40:04 RetCode=0
09:40:04 UserData=15
09:40:04 Cookie.UserID=0
09:40:04 Cookie.hostname=ccsrsprd1
09:40:04 Cookie.queuename=Q464862144338
09:40:04 Cookie.queuetype=1
09:40:04 ParamBits
09:40:04 100000000
09:40:04 000110000
09:40:04 000010000
09:40:04 000000000
09:40:04 000000000
09:40:04 000000000
09:40:04 000000000
09:40:04 000000000
09:40:04 000000000
09:40:04 000000100
09:40:04 000000000
09:40:04 000000000
09:40:04 000000000
09:40:04 000000000
09:40:04 000000000
09:40:04 010110000
09:40:04 000001000
09:40:04 000001000
09:40:04 000000000
09:40:04 000000000
09:40:04 000000000
09:40:04 000000000
09:40:04 000000000
09:40:04 000000000
09:40:04 000000000
09:40:04 000000000
09:40:04 000000000
09:40:04 000000000
09:40:04 000000000
09:40:04 000000000
09:40:04 000000000
09:40:04 000000000
09:40:04 Send At Time 2910815, to Server(IP=172.16.134.3, Port=2000, Encode=0, Dest=0, FuncNo=880, Priority=2)
09:40:04 BeforeReceive
09:40:04 Successfully Received At Time 2911005
09:40:04 ======== Dump Receive[03417FF4] ========
09:40:04 RequestType=120527
09:40:04 FirstFlag=1
09:40:04 NextFlag=0
09:40:04 RecCount=2
09:40:04 RetCode=6001
09:40:04 UserData=15
09:40:04 Cookie.UserID=0
09:40:04 Cookie.hostname=ccsrsprd1
09:40:04 Cookie.queuename=Q403242152637
09:40:04 Cookie.queuetype=1
09:40:04 ParamBits
09:40:04 000000000
09:40:04 000000000
09:40:04 000000000
09:40:04 000000000
09:40:04 000000000
09:40:04 000000000
09:40:04 000000000
09:40:04 000000000
09:40:04 000000000
09:40:04 000000000
09:40:04 000000000
09:40:04 000000000
09:40:04 000000000
09:40:04 000000000
09:40:04 000000000
09:40:04 000000000
09:40:04 000000000
09:40:04 000000000
09:40:04 000000000
09:40:04 000000000
09:40:04 000000000
09:40:04 000000000
09:40:04 100000000
09:40:04 000000000
09:40:04 000000000
09:40:04 000000000
09:40:04 000000000
09:40:04 000000000
09:40:04 000000000
09:40:04 000000000
09:40:04 000000000
09:40:04 000000000
09:40:04 AfterReceive
09:40:04 EAssertionFailed Assertion failure (C:\HuangYL\lib\Import\KsComLib\KCDataAccess.pas, line 1211)
09:40:04 TKCDataset.CloseDBAccess
09:40:04 ======== Cancel[03417FF4] ========
09:40:04 ======== Dump Send[03417FF4] ========
09:40:04 RequestType=120527
09:40:04 FirstFlag=0
09:40:04 NextFlag=0
09:40:04 RecCount=1
09:40:04 RetCode=0
09:40:04 UserData=16
09:40:04 Cookie.UserID=0
09:40:04 Cookie.hostname=ccsrsprd1
09:40:04 Cookie.queuename=Q403242152637
09:40:04 Cookie.queuetype=1
09:40:04 ParamBits
09:40:04 100000000
09:40:04 000110000
09:40:04 000010000
09:40:04 000000000
09:40:04 000000000
09:40:04 000000000
09:40:04 000000000
09:40:04 000000000
09:40:04 000000000
09:40:04 000000100
09:40:04 000000000
09:40:04 000000000
09:40:04 000000000
09:40:04 000000000
09:40:04 000000000
09:40:04 010110000
09:40:04 000001000
09:40:04 000001000
09:40:04 000000000
09:40:04 000000000
09:40:04 000000000
09:40:04 000000000
09:40:04 000000000
09:40:04 000000000
09:40:04 000000000
09:40:04 000000000
09:40:04 000000000
09:40:04 000000000
09:40:04 000000000
09:40:04 000000000
09:40:04 000000000
09:40:04 000000000
09:40:04 Send At Time 2911125, to Server(IP=172.16.134.3, Port=2000, Encode=0, Dest=0, FuncNo=880, Priority=2)
09:40:04 Successfully Received At Time 2911196
09:40:04 Filter[AfterExec]-Command:[银行非交易明细查询.1]营业部代码=001;客户号=;起始日期=20011114;结束日期=20011114;银行代码=;货币类型=;返回信息=;返回码=;是否限制客户类别=1;查询结果集=;
09:40:04 EAssertionFailed Assertion failure (C:\HuangYL\lib\Import\KsComLib\KCDataAccess.pas, line 1211)
09:40:18 Filter[BeforeExec]-Command:[银行转帐查询.1]发生营业部=001;起始日期=20011114;结束日期=20011114;客户号=;货币类型=;银行代码=;查询结果集=;返回码=;返回信息=;
09:40:18 Offsets
09:40:18 sbranch_code1 : 43
09:40:18 sdate0 : 11
09:40:18 sdate1 : 20
09:40:18 scust_no : 0
09:40:18 scurrency_type : 36
09:40:18 sbank_code : 64
09:40:18 sbranch_code0 : 39
09:40:18 semp : 29
09:40:18 sstation0 : 47
09:40:18 TKCDataset.ParamCount=9
09:40:18 TKCDataset.Sbranch_code1=001
09:40:18 TKCDataset.Sdate0=20011114
09:40:18 TKCDataset.Sdate1=20011114
09:40:18 TKCDataset.Scust_no=
09:40:18 TKCDataset.Scurrency_type=
09:40:18 TKCDataset.Sbank_code=
09:40:18 TKCDataset.Sbranch_code0=001
09:40:18 TKCDataset.Semp=001001
09:40:18 TKCDataset.Sstation0=0080C8DBD597
09:40:18 FuncNo=880,RequestType=120512
09:40:18 ======== Dump Send[03417FF4] ========
09:40:18 RequestType=120512
09:40:18 FirstFlag=1
09:40:18 NextFlag=0
09:40:18 RecCount=1
09:40:18 RetCode=0
09:40:18 UserData=17
09:40:18 Cookie.UserID=0
09:40:18 Cookie.hostname=ccsrsprd1
09:40:18 Cookie.queuename=Q403242152637
09:40:18 Cookie.queuetype=1
09:40:18 ParamBits
09:40:18 100000000
09:40:18 000110000
09:40:18 000000000
09:40:18 000000000
09:40:18 000000000
09:40:18 000000000
09:40:18 000000000
09:40:18 000000000
09:40:18 000000000
09:40:18 000000100
09:40:18 000000000
09:40:18 000000000
09:40:18 000000000
09:40:18 000000000
09:40:18 000000000
09:40:18 010110000
09:40:18 000001000
09:40:18 000001000
09:40:18 000000000
09:40:18 000000000
09:40:18 000000000
09:40:18 000000000
09:40:18 000000000
09:40:18 000000000
09:40:18 000000000
09:40:18 000000000
09:40:18 000000000
09:40:18 000000000
09:40:18 000000000
09:40:18 000000000
09:40:18 000000000
09:40:18 000000000
09:40:18 Send At Time 2924975, to Server(IP=172.16.134.3, Port=2000, Encode=0, Dest=0, FuncNo=880, Priority=2)
09:40:18 BeforeReceive
09:40:18 Successfully Received At Time 2925176
09:40:18 ======== Dump Receive[03417FF4] ========
09:40:18 RequestType=120512
09:40:18 FirstFlag=1
09:40:18 NextFlag=0
09:40:18 RecCount=2
09:40:18 RetCode=1
09:40:18 UserData=17
09:40:18 Cookie.UserID=0
09:40:18 Cookie.hostname=ccsrsprd1
09:40:18 Cookie.queuename=Q464862166798
09:40:18 Cookie.queuetype=1
09:40:18 ParamBits
09:40:18 000000000
09:40:18 000000000
09:40:18 000000000
09:40:18 000000000
09:40:18 000000000
09:40:18 000000000
09:40:18 000000000
09:40:18 000000000
09:40:18 000000000
09:40:18 000000000
09:40:18 000000000
09:40:18 000000000
09:40:18 000000000
09:40:18 000000000
09:40:18 000000000
09:40:18 000000000
09:40:18 000000000
09:40:18 000000000
09:40:18 000000000
09:40:18 000000000
09:40:18 000000000
09:40:18 000000000
09:40:18 100000000
09:40:18 000000000
09:40:18 000000000
09:40:18 000000000
09:40:18 000000000
09:40:18 000000000
09:40:18 000000000
09:40:18 000000000
09:40:18 000000000
09:40:18 000000000
09:40:18 AfterReceive
09:40:18 EAssertionFailed Assertion failure (C:\HuangYL\lib\Import\KsComLib\KCDataAccess.pas, line 1211)
09:40:18 TKCDataset.CloseDBAccess
09:40:18 ======== Cancel[03417FF4] ========
09:40:18 ======== Dump Send[03417FF4] ========
09:40:18 RequestType=120512
09:40:18 FirstFlag=0
09:40:18 NextFlag=0
09:40:18 RecCount=1
09:40:18 RetCode=0
09:40:18 UserData=18
09:40:18 Cookie.UserID=0
09:40:18 Cookie.hostname=ccsrsprd1
09:40:18 Cookie.queuename=Q464862166798
09:40:18 Cookie.queuetype=1
09:40:18 ParamBits
09:40:18 100000000
09:40:18 000110000
09:40:18 000000000
09:40:18 000000000
09:40:18 000000000
09:40:18 000000000
09:40:18 000000000
09:40:18 000000000
09:40:18 000000000
09:40:18 000000100
09:40:18 000000000
09:40:18 000000000
09:40:18 000000000
09:40:18 000000000
09:40:18 000000000
09:40:18 010110000
09:40:18 000001000
09:40:18 000001000
09:40:18 000000000
09:40:18 000000000
09:40:18 000000000
09:40:18 000000000
09:40:18 000000000
09:40:18 000000000
09:40:18 000000000
09:40:18 000000000
09:40:18 000000000
09:40:18 000000000
09:40:18 000000000
09:40:18 000000000
09:40:18 000000000
09:40:18 000000000
09:40:18 Send At Time 2925266, to Server(IP=172.16.134.3, Port=2000, Encode=0, Dest=0, FuncNo=880, Priority=2)
09:40:18 Successfully Received At Time 2925306
09:40:18 Filter[AfterExec]-Command:[银行转帐查询.1]发生营业部=001;起始日期=20011114;结束日期=20011114;客户号=;货币类型=;银行代码=;查询结果集=;返回码=;返回信息=;
09:40:18 EAssertionFailed Assertion failure (C:\HuangYL\lib\Import\KsComLib\KCDataAccess.pas, line 1211)
09:40:53 Filter[BeforeExec]-Command:[银行非交易明细查询.1]营业部代码=001;客户号=;起始日期=20011114;结束日期=20011114;银行代码=;货币类型=;返回信息=;返回码=;是否限制客户类别=1;查询结果集=;
09:40:53 Offsets
09:40:53 sbranch_code1 : 47
09:40:53 scust_no : 0
09:40:53 sdate0 : 11
09:40:53 sdate1 : 20
09:40:53 sbank_code : 68
09:40:53 scurrency_type : 40
09:40:53 lvol1 : 29
09:40:53 sbranch_code0 : 43
09:40:53 semp : 33
09:40:53 sstation0 : 51
09:40:53 TKCDataset.ParamCount=10
09:40:53 TKCDataset.sbranch_code1=001
09:40:53 TKCDataset.scust_no=
09:40:53 TKCDataset.sdate0=20011114
09:40:53 TKCDataset.sdate1=20011114
09:40:53 TKCDataset.sbank_code=
09:40:53 TKCDataset.scurrency_type=
09:40:53 TKCDataset.lvol1=1
09:40:53 TKCDataset.sbranch_code0=001
09:40:53 TKCDataset.semp=001001
09:40:53 TKCDataset.sstation0=0080C8DBD597
09:40:53 FuncNo=880,RequestType=120527
09:40:53 ======== Dump Send[03417FF4] ========
09:40:53 RequestType=120527
09:40:53 FirstFlag=1
09:40:53 NextFlag=0
09:40:53 RecCount=1
09:40:53 RetCode=0
09:40:53 UserData=19
09:40:53 Cookie.UserID=0
09:40:53 Cookie.hostname=ccsrsprd1
09:40:53 Cookie.queuename=Q464862166798
09:40:53 Cookie.queuetype=1
09:40:53 ParamBits
09:40:53 100000000
09:40:53 000110000
09:40:53 000010000
09:40:53 000000000
09:40:53 000000000
09:40:53 000000000
09:40:53 000000000
09:40:53 000000000
09:40:53 000000000
09:40:53 000000100
09:40:53 000000000
09:40:53 000000000
09:40:53 000000000
09:40:53 000000000
09:40:53 000000000
09:40:53 010110000
09:40:53 000001000
09:40:53 000001000
09:40:53 000000000
09:40:53 000000000
09:40:53 000000000
09:40:53 000000000
09:40:53 000000000
09:40:53 000000000
09:40:53 000000000
09:40:53 000000000
09:40:53 000000000
09:40:53 000000000
09:40:53 000000000
09:40:53 000000000
09:40:53 000000000
09:40:53 000000000
09:40:53 Send At Time 2960426, to Server(IP=172.16.134.3, Port=2000, Encode=0, Dest=0, FuncNo=880, Priority=2)
09:40:53 BeforeReceive
09:40:53 Successfully Received At Time 2960607
09:40:53 ======== Dump Receive[03417FF4] ========
09:40:53 RequestType=120527
09:40:53 FirstFlag=1
09:40:53 NextFlag=0
09:40:53 RecCount=2
09:40:53 RetCode=6001
09:40:53 UserData=19
09:40:53 Cookie.UserID=0
09:40:53 Cookie.hostname=ccsrsprd1
09:40:53 Cookie.queuename=Q403242202241
09:40:53 Cookie.queuetype=1
09:40:53 ParamBits
09:40:53 000000000
09:40:53 000000000
09:40:53 000000000
09:40:53 000000000
09:40:53 000000000
09:40:53 000000000
09:40:53 000000000
09:40:53 000000000
09:40:53 000000000
09:40:53 000000000
09:40:53 000000000
09:40:53 000000000
09:40:53 000000000
09:40:53 000000000
09:40:53 000000000
09:40:53 000000000
09:40:53 000000000
09:40:53 000000000
09:40:53 000000000
09:40:53 000000000
09:40:53 000000000
09:40:53 000000000
09:40:53 100000000
09:40:53 000000000
09:40:53 000000000
09:40:53 000000000
09:40:53 000000000
09:40:53 000000000
09:40:53 000000000
09:40:53 000000000
09:40:53 000000000
09:40:53 000000000
09:40:53 AfterReceive
09:40:53 EAssertionFailed Assertion failure (C:\HuangYL\lib\Import\KsComLib\KCDataAccess.pas, line 1211)
09:40:53 TKCDataset.CloseDBAccess
09:40:53 ======== Cancel[03417FF4] ========
09:40:53 ======== Dump Send[03417FF4] ========
09:40:53 RequestType=120527
09:40:53 FirstFlag=0
09:40:53 NextFlag=0
09:40:53 RecCount=1
09:40:53 RetCode=0
09:40:53 UserData=20
09:40:53 Cookie.UserID=0
09:40:53 Cookie.hostname=ccsrsprd1
09:40:53 Cookie.queuename=Q403242202241
09:40:53 Cookie.queuetype=1
09:40:53 ParamBits
09:40:53 100000000
09:40:53 000110000
09:40:53 000010000
09:40:53 000000000
09:40:53 000000000
09:40:53 000000000
09:40:53 000000000
09:40:53 000000000
09:40:53 000000000
09:40:53 000000100
09:40:53 000000000
09:40:54 000000000
09:40:54 000000000
09:40:54 000000000
09:40:54 000000000
09:40:54 010110000
09:40:54 000001000
09:40:54 000001000
09:40:54 000000000
09:40:54 000000000
09:40:54 000000000
09:40:54 000000000
09:40:54 000000000
09:40:54 000000000
09:40:54 000000000
09:40:54 000000000
09:40:54 000000000
09:40:54 000000000
09:40:54 000000000
09:40:54 000000000
09:40:54 000000000
09:40:54 000000000
09:40:54 Send At Time 2960687, to Server(IP=172.16.134.3, Port=2000, Encode=0, Dest=0, FuncNo=880, Priority=2)
09:40:54 Successfully Received At Time 2960737
09:40:54 Filter[AfterExec]-Command:[银行非交易明细查询.1]营业部代码=001;客户号=;起始日期=20011114;结束日期=20011114;银行代码=;货币类型=;返回信息=;返回码=;是否限制客户类别=1;查询结果集=;
09:40:54 EAssertionFailed Assertion failure (C:\HuangYL\lib\Import\KsComLib\KCDataAccess.pas, line 1211)
09:41:30 Filter[BeforeExec]-Command:[银行非交易明细查询.1]营业部代码=001;客户号=;起始日期=20011114;结束日期=20011114;银行代码=;货币类型=;返回信息=;返回码=;是否限制客户类别=1;查询结果集=;
09:41:30 Offsets
09:41:30 sbranch_code1 : 47
09:41:30 scust_no : 0
09:41:30 sdate0 : 11
09:41:30 sdate1 : 20
09:41:30 sbank_code : 68
09:41:30 scurrency_type : 40
09:41:30 lvol1 : 29
09:41:30 sbranch_code0 : 43
09:41:30 semp : 33
09:41:30 sstation0 : 51
09:41:30 TKCDataset.ParamCount=10
09:41:30 TKCDataset.sbranch_code1=001
09:41:30 TKCDataset.scust_no=
09:41:30 TKCDataset.sdate0=20011114
09:41:30 TKCDataset.sdate1=20011114
09:41:30 TKCDataset.sbank_code=
09:41:30 TKCDataset.scurrency_type=
09:41:30 TKCDataset.lvol1=1
09:41:30 TKCDataset.sbranch_code0=001
09:41:30 TKCDataset.semp=001001
09:41:30 TKCDataset.sstation0=0080C8DBD597
09:41:30 FuncNo=880,RequestType=120527
09:41:30 ======== Dump Send[03417FF4] ========
09:41:30 RequestType=120527
09:41:30 FirstFlag=1
09:41:30 NextFlag=0
09:41:30 RecCount=1
09:41:30 RetCode=0
09:41:30 UserData=21
09:41:30 Cookie.UserID=0
09:41:30 Cookie.hostname=ccsrsprd1
09:41:30 Cookie.queuename=Q403242202241
09:41:30 Cookie.queuetype=1
09:41:30 ParamBits
09:41:30 100000000
09:41:30 000110000
09:41:30 000010000
09:41:30 000000000
09:41:30 000000000
09:41:30 000000000
09:41:30 000000000
09:41:30 000000000
09:41:30 000000000
09:41:30 000000100
09:41:30 000000000
09:41:30 000000000
09:41:30 000000000
09:41:30 000000000
09:41:30 000000000
09:41:30 010110000
09:41:30 000001000
09:41:30 000001000
09:41:30 000000000
09:41:30 000000000
09:41:30 000000000
09:41:30 000000000
09:41:30 000000000
09:41:30 000000000
09:41:30 000000000
09:41:30 000000000
09:41:30 000000000
09:41:30 000000000
09:41:30 000000000
09:41:30 000000000
09:41:30 000000000
09:41:30 000000000
09:41:30 Send At Time 2997209, to Server(IP=172.16.134.3, Port=2000, Encode=0, Dest=0, FuncNo=880, Priority=2)
09:41:30 BeforeReceive
09:41:30 Successfully Received At Time 2997450
09:41:30 ======== Dump Receive[03417FF4] ========
09:41:30 RequestType=120527
09:41:30 FirstFlag=1
09:41:30 NextFlag=0
09:41:30 RecCount=2
09:41:30 RetCode=6001
09:41:30 UserData=21
09:41:30 Cookie.UserID=0
09:41:30 Cookie.hostname=ccsrsprd1
09:41:30 Cookie.queuename=Q464862239025
09:41:30 Cookie.queuetype=1
09:41:30 ParamBits
09:41:30 000000000
09:41:30 000000000
09:41:30 000000000
09:41:30 000000000
09:41:30 000000000
09:41:30 000000000
09:41:30 000000000
09:41:30 000000000
09:41:30 000000000
09:41:30 000000000
09:41:30 000000000
09:41:30 000000000
09:41:30 000000000
09:41:30 000000000
09:41:30 000000000
09:41:30 000000000
09:41:30 000000000
09:41:30 000000000
09:41:30 000000000
09:41:30 000000000
09:41:30 000000000
09:41:30 000000000
09:41:30 100000000
09:41:30 000000000
09:41:30 000000000
09:41:30 000000000
09:41:30 000000000
09:41:30 000000000
09:41:30 000000000
09:41:30 000000000
09:41:30 000000000
09:41:30 000000000
09:41:30 AfterReceive
09:41:30 EAssertionFailed Assertion failure (C:\HuangYL\lib\Import\KsComLib\KCDataAccess.pas, line 1211)
09:41:30 TKCDataset.CloseDBAccess
09:41:30 ======== Cancel[03417FF4] ========
09:41:30 ======== Dump Send[03417FF4] ========
09:41:30 RequestType=120527
09:41:30 FirstFlag=0
09:41:30 NextFlag=0
09:41:30 RecCount=1
09:41:30 RetCode=0
09:41:30 UserData=22
09:41:30 Cookie.UserID=0
09:41:30 Cookie.hostname=ccsrsprd1
09:41:30 Cookie.queuename=Q464862239025
09:41:30 Cookie.queuetype=1
09:41:30 ParamBits
09:41:30 100000000
09:41:30 000110000
09:41:30 000010000
09:41:30 000000000
09:41:30 000000000
09:41:30 000000000
09:41:30 000000000
09:41:30 000000000
09:41:30 000000000
09:41:30 000000100
09:41:30 000000000
09:41:30 000000000
09:41:30 000000000
09:41:30 000000000
09:41:30 000000000
09:41:30 010110000
09:41:30 000001000
09:41:30 000001000
09:41:30 000000000
09:41:30 000000000
09:41:30 000000000
09:41:30 000000000
09:41:30 000000000
09:41:30 000000000
09:41:30 000000000
09:41:30 000000000
09:41:30 000000000
09:41:30 000000000
09:41:30 000000000
09:41:30 000000000
09:41:30 000000000
09:41:30 000000000
09:41:30 Send At Time 2997530, to Server(IP=172.16.134.3, Port=2000, Encode=0, Dest=0, FuncNo=880, Priority=2)
09:41:30 Successfully Received At Time 2997650
09:41:30 Filter[AfterExec]-Command:[银行非交易明细查询.1]营业部代码=001;客户号=;起始日期=20011114;结束日期=20011114;银行代码=;货币类型=;返回信息=;返回码=;是否限制客户类别=1;查询结果集=;
09:41:30 EAssertionFailed Assertion failure (C:\HuangYL\lib\Import\KsComLib\KCDataAccess.pas, line 1211)
