10:06:33 Size Of Cookie=74
10:06:33 THDataset[00D5C57C] create.
10:06:40 TKCAccess[00D5D1F4] create.
10:06:40 IP=172.16.60.3,Port=2000,Encode=0
10:06:41 trigerEvent0
10:06:41 new dbaccess ok
10:06:41 trigerEvent2
10:06:41 Offsets
10:06:41 sbranch_code0 : 22
10:06:41 sstation0 : 30
10:06:41 semp : 15
10:06:41 sbranch_code1 : 26
10:06:41 sdate0 : 2
10:06:41 smarket_code : 0
10:06:41 lvol0 : 11
10:06:41 TKCDataset.ParamCount=7
10:06:41 TKCDataset.sbranch_code0=000
10:06:41 TKCDataset.sstation0=0000E831A885
10:06:41 TKCDataset.semp=000888
10:06:41 TKCDataset.sbranch_code1=
10:06:41 TKCDataset.Sdate0=20010102
10:06:41 TKCDataset.Smarket_code=4
10:06:41 TKCDataset.Lvol0=1
10:06:41 FuncNo=880,RequestType=220212
10:06:41 ======== Dump Send[00D5D1F4] ========
10:06:41 RequestType=220212
10:06:41 FirstFlag=1
10:06:41 NextFlag=0
10:06:41 RecCount=1
10:06:41 RetCode=0
10:06:41 UserData=1
10:06:41 Cookie.UserID=0
10:06:41 Cookie.hostname=
10:06:41 Cookie.queuename=
10:06:41 Cookie.queuetype=0
10:06:41 ParamBits
10:06:41 000000000
10:06:41 010100000
10:06:41 000100000
10:06:41 000000000
10:06:41 000000000
10:06:41 000000000
10:06:41 000000000
10:06:41 000000000
10:06:41 000000000
10:06:41 000000100
10:06:41 000000000
10:06:41 000000000
10:06:41 000000000
10:06:41 000000000
10:06:41 000000000
10:06:41 000110000
10:06:41 000001000
10:06:41 000000000
10:06:41 000000000
10:06:41 000000000
10:06:41 000000000
10:06:41 000000000
10:06:41 000000000
10:06:41 000000000
10:06:41 000000000
10:06:41 000000000
10:06:41 000000000
10:06:41 000000000
10:06:41 000000000
10:06:41 000000000
10:06:41 000000000
10:06:41 000000000
10:06:41 Send At Time 4536503, to Server(IP=172.16.60.3, Port=2000, Encode=0, Dest=0, FuncNo=880, Priority=2)
10:06:41 trigerEvent3
10:06:41 BeforeReceive
10:06:43 Successfully Received At Time 4537845
10:06:43 ======== Dump Receive[00D5D1F4] ========
10:06:43 RequestType=220212
10:06:43 FirstFlag=1
10:06:43 NextFlag=0
10:06:43 RecCount=1
10:06:43 RetCode=6001
10:06:43 UserData=1
10:06:43 Cookie.UserID=0
10:06:43 Cookie.hostname=gtzq44p3
10:06:43 Cookie.queuename=Q258009897972
10:06:43 Cookie.queuetype=1
10:06:43 ParamBits
10:06:43 000000000
10:06:43 000000000
10:06:43 000000000
10:06:43 000000000
10:06:43 000000000
10:06:43 000000000
10:06:43 000000000
10:06:43 000000000
10:06:43 000000000
10:06:43 000000000
10:06:43 000000000
10:06:43 000000000
10:06:43 000000000
10:06:43 000000000
10:06:43 000000000
10:06:43 000000000
10:06:43 000000000
10:06:43 000000000
10:06:43 000000000
10:06:43 000000000
10:06:43 000000000
10:06:43 000000000
10:06:43 100000000
10:06:43 000000000
10:06:43 000000000
10:06:43 000000000
10:06:43 000000000
10:06:43 000000000
10:06:43 000000000
10:06:43 000000000
10:06:43 000000000
10:06:43 000000000
10:06:43 AfterReceive
10:06:43 add listener
10:06:43 trigerEvent4
10:06:43 nextResponse:1
10:06:43 Field[vsmess] Logic Data Type:3, Physical Data Type:4
10:06:43 THField[00D5236C] create.
10:06:43 Dataset[00D5C57C] opened. fields : 1
10:06:43 Dataset[00D5C57C] read rows : 1
10:06:43 THDataset[00D5C57C] Datarows : 1
10:06:43 TKCDataset.CloseDBAccess
10:06:43 remove listener
10:06:43 trigerEvent5
10:06:47 THField[00D5236C] Destroy.
10:06:47 trigerEvent6
10:06:47 trigerEvent1
10:06:47 count=0
10:06:47 TKCAccess[00D5D1F4] Destroy.
10:06:47 TKCAccess[00D70BE8] create.
10:06:47 IP=172.16.134.3,Port=2000,Encode=0
10:06:48 trigerEvent0
10:06:48 new dbaccess ok
10:06:48 trigerEvent2
10:06:48 Offsets
10:06:48 sbranch_code1 : 47
10:06:48 scust_no : 0
10:06:48 sdate0 : 11
10:06:48 sdate1 : 20
10:06:48 sbank_code : 68
10:06:48 scurrency_type : 40
10:06:48 lvol1 : 29
10:06:48 sbranch_code0 : 43
10:06:48 semp : 33
10:06:48 sstation0 : 51
10:06:48 TKCDataset.ParamCount=10
10:06:48 TKCDataset.sbranch_code1=001
10:06:48 TKCDataset.scust_no=
10:06:48 TKCDataset.sdate0=20011114
10:06:48 TKCDataset.sdate1=20011114
10:06:48 TKCDataset.sbank_code=
10:06:48 TKCDataset.scurrency_type=
10:06:48 TKCDataset.lvol1=1
10:06:48 TKCDataset.sbranch_code0=001
10:06:48 TKCDataset.semp=001001
10:06:48 TKCDataset.sstation0=0080C8DBD597
10:06:48 FuncNo=880,RequestType=120527
10:06:48 ======== Dump Send[00D70BE8] ========
10:06:48 RequestType=120527
10:06:48 FirstFlag=1
10:06:48 NextFlag=0
10:06:48 RecCount=1
10:06:48 RetCode=0
10:06:48 UserData=1
10:06:48 Cookie.UserID=0
10:06:48 Cookie.hostname=
10:06:48 Cookie.queuename=
10:06:48 Cookie.queuetype=0
10:06:48 ParamBits
10:06:48 100000000
10:06:48 000110000
10:06:48 000010000
10:06:48 000000000
10:06:48 000000000
10:06:48 000000000
10:06:48 000000000
10:06:48 000000000
10:06:48 000000000
10:06:48 000000100
10:06:48 000000000
10:06:48 000000000
10:06:48 000000000
10:06:48 000000000
10:06:48 000000000
10:06:48 010110000
10:06:48 000001000
10:06:48 000001000
10:06:48 000000000
10:06:48 000000000
10:06:48 000000000
10:06:48 000000000
10:06:48 000000000
10:06:48 000000000
10:06:48 000000000
10:06:48 000000000
10:06:48 000000000
10:06:48 000000000
10:06:48 000000000
10:06:48 000000000
10:06:48 000000000
10:06:48 000000000
10:06:48 Send At Time 4543473, to Server(IP=172.16.134.3, Port=2000, Encode=0, Dest=0, FuncNo=880, Priority=2)
10:06:48 trigerEvent3
10:06:48 BeforeReceive
10:06:49 Successfully Received At Time 4544644
10:06:49 ======== Dump Receive[00D70BE8] ========
10:06:49 RequestType=120527
10:06:49 FirstFlag=1
10:06:49 NextFlag=0
10:06:49 RecCount=2
10:06:49 RetCode=6001
10:06:49 UserData=1
10:06:49 Cookie.UserID=0
10:06:49 Cookie.hostname=ccsrsprd1
10:06:49 Cookie.queuename=Q464863688646
10:06:49 Cookie.queuetype=1
10:06:49 ParamBits
10:06:49 000000000
10:06:49 000000000
10:06:49 000000000
10:06:49 000000000
10:06:49 000000000
10:06:49 000000000
10:06:49 000000000
10:06:49 000000000
10:06:49 000000000
10:06:49 000000000
10:06:49 000000000
10:06:49 000000000
10:06:49 000000000
10:06:49 000000000
10:06:49 000000000
10:06:49 000000000
10:06:49 000000000
10:06:49 000000000
10:06:49 000000000
10:06:49 000000000
10:06:49 000000000
10:06:49 000000000
10:06:49 100000000
10:06:49 000000000
10:06:49 000000000
10:06:49 000000000
10:06:49 000000000
10:06:49 000000000
10:06:49 000000000
10:06:49 000000000
10:06:49 000000000
10:06:49 000000000
10:06:49 AfterReceive
10:06:49 add listener
10:06:49 trigerEvent4
10:06:49 nextResponse:1
10:06:49 Field[vsmess] Logic Data Type:3, Physical Data Type:4
10:06:49 THField[00D81138] create.
10:06:49 Dataset[00D5C57C] opened. fields : 1
10:06:52 EAssertionFailed Assertion failure (C:\HuangYL\lib\Import\KsComLib\KCDataAccess.pas, line 1211)
10:06:52 TKCDataset.CloseDBAccess
10:06:52 remove listener
10:06:52 ======== Cancel[00D70BE8] ========
10:06:52 ======== Dump Send[00D70BE8] ========
10:06:52 RequestType=120527
10:06:52 FirstFlag=0
10:06:52 NextFlag=0
10:06:52 RecCount=1
10:06:52 RetCode=0
10:06:52 UserData=2
10:06:52 Cookie.UserID=0
10:06:52 Cookie.hostname=ccsrsprd1
10:06:52 Cookie.queuename=Q464863688646
10:06:52 Cookie.queuetype=1
10:06:52 ParamBits
10:06:52 100000000
10:06:52 000110000
10:06:52 000010000
10:06:52 000000000
10:06:52 000000000
10:06:52 000000000
10:06:52 000000000
10:06:52 000000000
10:06:52 000000000
10:06:52 000000100
10:06:52 000000000
10:06:52 000000000
10:06:52 000000000
10:06:52 000000000
10:06:52 000000000
10:06:52 010110000
10:06:52 000001000
10:06:52 000001000
10:06:52 000000000
10:06:52 000000000
10:06:52 000000000
10:06:52 000000000
10:06:52 000000000
10:06:52 000000000
10:06:52 000000000
10:06:52 000000000
10:06:52 000000000
10:06:52 000000000
10:06:52 000000000
10:06:52 000000000
10:06:52 000000000
10:06:52 000000000
10:06:52 Send At Time 4547008, to Server(IP=172.16.134.3, Port=2000, Encode=0, Dest=0, FuncNo=880, Priority=2)
10:06:52 Successfully Received At Time 4547058
10:06:52 trigerEvent5
10:06:52 THField[00D81138] Destroy.
10:06:56 begin free THDataset
10:06:56 THDataset[00D5C57C] Destroy.
10:06:56 trigerEvent6
10:06:56 trigerEvent1
10:06:56 count=0
10:06:56 TKCAccess[00D70BE8] Destroy.
