17:48:50 Size Of Cookie=74
17:48:50 THDataset[011BC57C] create.
17:48:57 TKCAccess[011BD1F4] create.
17:48:57 IP=172.16.60.3,Port=2000,Encode=0
17:48:57 trigerEvent0
17:48:57 new dbaccess ok
17:48:58 trigerEvent2
17:48:58 Offsets
17:48:58 sbranch_code0 : 22
17:48:58 sstation0 : 30
17:48:58 semp : 15
17:48:58 sbranch_code1 : 26
17:48:58 sdate0 : 2
17:48:58 smarket_code : 0
17:48:58 lvol0 : 11
17:48:58 TKCDataset.ParamCount=7
17:48:58 TKCDataset.sbranch_code0=000
17:48:58 TKCDataset.sstation0=0000E831A885
17:48:58 TKCDataset.semp=000888
17:48:58 TKCDataset.sbranch_code1=
17:48:58 TKCDataset.Sdate0=20010102
17:48:58 TKCDataset.Smarket_code=4
17:48:58 TKCDataset.Lvol0=1
17:48:58 FuncNo=888,RequestType=220212
17:48:58 ======== Dump Send[011BD1F4] ========
17:48:58 RequestType=220212
17:48:58 FirstFlag=1
17:48:58 NextFlag=0
17:48:58 RecCount=1
17:48:58 RetCode=0
17:48:58 UserData=1
17:48:58 Cookie.UserID=0
17:48:58 Cookie.hostname=
17:48:58 Cookie.queuename=
17:48:58 Cookie.queuetype=0
17:48:58 ParamBits
17:48:58 000000000
17:48:58 010100000
17:48:58 000100000
17:48:58 000000000
17:48:58 000000000
17:48:58 000000000
17:48:58 000000000
17:48:58 000000000
17:48:58 000000000
17:48:58 000000100
17:48:58 000000000
17:48:58 000000000
17:48:58 000000000
17:48:58 000000000
17:48:58 000000000
17:48:58 000110000
17:48:58 000001000
17:48:58 000000000
17:48:58 000000000
17:48:58 000000000
17:48:58 000000000
17:48:58 000000000
17:48:58 000000000
17:48:58 000000000
17:48:58 000000000
17:48:58 000000000
17:48:58 000000000
17:48:58 000000000
17:48:58 000000000
17:48:58 000000000
17:48:58 000000000
17:48:58 000000000
17:48:58 Send At Time 31832272, to Server(IP=172.16.60.3, Port=2000, Encode=0, Dest=0, FuncNo=888, Priority=2)
17:48:58 trigerEvent3
17:48:58 BeforeReceive
17:48:58 DRTPReceive fail, close TKCAccess
17:48:58 trigerEvent1
17:49:02 AfterReceive
17:49:02 RecievePackage fail, close TKCAccess
17:49:02 trigerEvent6
17:49:02 count=0
17:49:02 TKCAccess[011BD1F4] Destroy.
17:49:20 TKCAccess[011CF000] create.
17:49:20 IP=172.16.60.3,Port=2000,Encode=0
17:49:20 trigerEvent0
17:49:20 new dbaccess ok
17:49:21 trigerEvent2
17:49:21 Offsets
17:49:21 sbranch_code0 : 22
17:49:21 sstation0 : 30
17:49:21 semp : 15
17:49:21 sbranch_code1 : 26
17:49:21 sdate0 : 2
17:49:21 smarket_code : 0
17:49:21 lvol0 : 11
17:49:21 TKCDataset.ParamCount=7
17:49:21 TKCDataset.sbranch_code0=000
17:49:21 TKCDataset.sstation0=0000E831A885
17:49:21 TKCDataset.semp=000888
17:49:21 TKCDataset.sbranch_code1=
17:49:21 TKCDataset.Sdate0=20010102
17:49:21 TKCDataset.Smarket_code=4
17:49:21 TKCDataset.Lvol0=1
17:49:21 FuncNo=880,RequestType=220212
17:49:21 ======== Dump Send[011CF000] ========
17:49:21 RequestType=220212
17:49:21 FirstFlag=1
17:49:21 NextFlag=0
17:49:21 RecCount=1
17:49:21 RetCode=0
17:49:21 UserData=1
17:49:21 Cookie.UserID=0
17:49:21 Cookie.hostname=
17:49:21 Cookie.queuename=
17:49:21 Cookie.queuetype=0
17:49:21 ParamBits
17:49:21 000000000
17:49:21 010100000
17:49:21 000100000
17:49:21 000000000
17:49:21 000000000
17:49:21 000000000
17:49:21 000000000
17:49:21 000000000
17:49:21 000000000
17:49:21 000000100
17:49:21 000000000
17:49:21 000000000
17:49:21 000000000
17:49:21 000000000
17:49:21 000000000
17:49:21 000110000
17:49:21 000001000
17:49:21 000000000
17:49:21 000000000
17:49:21 000000000
17:49:21 000000000
17:49:21 000000000
17:49:21 000000000
17:49:21 000000000
17:49:21 000000000
17:49:21 000000000
17:49:21 000000000
17:49:21 000000000
17:49:21 000000000
17:49:21 000000000
17:49:21 000000000
17:49:21 000000000
17:49:21 Send At Time 31855115, to Server(IP=172.16.60.3, Port=2000, Encode=0, Dest=0, FuncNo=880, Priority=2)
17:49:21 trigerEvent3
17:49:21 BeforeReceive
17:49:22 Successfully Received At Time 31856347
17:49:22 ======== Dump Receive[011CF000] ========
17:49:22 RequestType=220212
17:49:22 FirstFlag=1
17:49:22 NextFlag=0
17:49:22 RecCount=7
17:49:22 RetCode=6001
17:49:22 UserData=1
17:49:22 Cookie.UserID=0
17:49:22 Cookie.hostname=gtzq44p3
17:49:22 Cookie.queuename=Q252844861958
17:49:22 Cookie.queuetype=1
17:49:22 ParamBits
17:49:22 101010110
17:49:22 000000000
17:49:22 000100000
17:49:22 000000000
17:49:22 100000000
17:49:22 000000000
17:49:22 000000000
17:49:22 000000000
17:49:22 001000000
17:49:22 000000000
17:49:22 000000000
17:49:22 000000000
17:49:22 000000000
17:49:22 000000000
17:49:22 000000000
17:49:22 000010000
17:49:22 000000000
17:49:22 000000000
17:49:22 000000000
17:49:22 000000000
17:49:22 000000000
17:49:22 000000000
17:49:22 100000000
17:49:22 000000000
17:49:22 000000000
17:49:22 000000000
17:49:22 000000000
17:49:22 000000000
17:49:22 000000000
17:49:22 000000000
17:49:22 000000000
17:49:22 000000000
17:49:22 AfterReceive
17:49:22 add listener
17:49:22 trigerEvent4
17:49:22 nextResponse:1
17:49:22 Field[scust_no] Logic Data Type:3, Physical Data Type:1
17:49:22 THField[011CDACC] create.
17:49:22 Field[sholder_ac_no] Logic Data Type:3, Physical Data Type:1
17:49:22 THField[011BD4C8] create.
17:49:22 Field[sholder_type] Logic Data Type:3, Physical Data Type:1
17:49:22 THField[011BD588] create.
17:49:22 Field[sname] Logic Data Type:3, Physical Data Type:1
17:49:22 THField[011BD62C] create.
17:49:22 Field[sname2] Logic Data Type:3, Physical Data Type:1
17:49:22 THField[011BD728] create.
17:49:22 Field[lvol0] Logic Data Type:0, Physical Data Type:2
17:49:22 THField[011BD814] create.
17:49:22 Field[damt0] Logic Data Type:1, Physical Data Type:3
17:49:22 THField[011BD8B8] create.
17:49:22 Field[sstock_code] Logic Data Type:3, Physical Data Type:1
17:49:22 THField[011BD9D0] create.
17:49:22 Field[sbranch_code1] Logic Data Type:3, Physical Data Type:1
17:49:22 THField[011BDA90] create.
17:49:22 Field[vsmess] Logic Data Type:3, Physical Data Type:4
17:49:22 THField[011BDBB0] create.
17:49:22 Dataset[011BC57C] opened. fields : 10
