15:53:05 Command:[客户开户.1]客户号=123456789012;客户类别=3;磁卡号=ck;客户姓名=hyl;资金密码=1;交易密码=1;国籍=2;证件类型=1;证件号码=1;电话=1;邮编=1;地址=1;返回标志=;
15:53:05 TKCAccess[014FC948] create.
15:53:07 trigerEvent0
15:53:07 new dbaccess ok
15:53:07 use new dbaccess
15:53:07 trigerEvent2
15:53:07 Offsets
15:53:07 gddm : 0
15:53:07 gdxm : 67
15:53:07 khlb : 258
15:53:07 gddm2 : 242
15:53:07 sfzh : 16
15:53:07 lxdz : 104
15:53:07 lxdh : 165
15:53:07 gpdm : 88
15:53:07 jymm : 210
15:53:07 zjmm : 226
15:53:07 yybid : 206
15:53:07 gydm : 99
15:53:07 ======== Dump Send ========
15:53:07 Dump Buffer Size=318
15:53:07 RequestType=110101
15:53:07 FirstFlag=1
15:53:07 NextFlag=0
15:53:07 RecCount=0
15:53:07 RetCode=0
15:53:07 UserID=0
15:53:07 ParamBits
15:53:07 100011100
15:53:07 100000000
15:53:07 111000010
15:53:07 100000000
15:53:07 000000000
15:53:07 000010000
15:53:07 000000000
15:53:07 000100000
15:53:07 000000000
15:53:07 000000000
15:53:07 000000000
15:53:07 000000000
15:53:07 000000000
15:53:07 000000000
15:53:07 000000000
15:53:07 000000000
15:53:07 000000000
15:53:07 000000000
15:53:07 000000000
15:53:07 000000000
15:53:07 000000000
15:53:07 000000000
15:53:07 000000000
15:53:07 000000000
15:53:07 000000000
15:53:07 000000000
15:53:07 000000000
15:53:07 000000000
15:53:07 000000000
15:53:07 000000000
15:53:07 000000000
15:53:07 000000000
15:53:07 Pack
15:53:07 gddm=123456789012
15:53:07 ddbz=
15:53:07 nbbm=
15:53:07 card=
15:53:07 sfzh=1
15:53:07 gdxm=hyl
15:53:07 gpdm=1
15:53:07 gpmc=
15:53:07 gydm=001
15:53:07 gydm2=
15:53:07 wtjg=0.00
15:53:07 cjjg=0.00
15:53:07 wtsl=0
15:53:07 cjsl=0
15:53:07 wtlb=
15:53:07 lbmc=
15:53:07 lxdz=1
15:53:07 lxdh=1
15:53:07 yybid=101
15:53:07 yybid1=0
15:53:07 htxh=
15:53:07 wtrq=
15:53:07 cjrq=
15:53:07 jymm=1
15:53:07 zjmm=1
15:53:07 czmm=
15:53:07 yhdm=
15:53:07 zhlb=
15:53:07 yhzh=
15:53:07 zzje=0.00
15:53:07 zzlb=
15:53:07 kyje=0.00
15:53:08 dqje=0.00
15:53:08 zjfs=0.00
15:53:08 wtdj=0.00
15:53:08 rgdj=0.00
15:53:08 qtdj=0.00
15:53:08 gpky=0
15:53:08 gpye=0
15:53:08 gpwtdj=0
15:53:08 gprgdj=0
15:53:08 fssj=
15:53:08 zy=
15:53:08 zymc=
15:53:08 gddm2=2
15:53:08 ddbz2=
15:53:08 nbbm2=
15:53:08 card2=
15:53:08 sfzh2=
15:53:08 gdxm2=
15:53:08 lmess=0
15:53:08 mess=
15:53:08 newmm=
15:53:08 cxksrq=
15:53:08 cxjsrq=
15:53:08 khlb=3
15:53:08 wtfs=
15:53:08 gdzt=
15:53:08 szdm=
15:53:08 shdm=
15:53:08 szbdm=
15:53:08 shbdm=
15:53:08 othdm=
15:53:08 othdm=
15:53:08 othdm=
15:53:08 gpmrcj=0
15:53:08 email=
15:53:08 email2=
15:53:08 bl1=0
15:53:08 bl2=0
15:53:08 bl3=0
15:53:08 bl4=0
15:53:08 sl1=0
15:53:08 sl2=0
15:53:08 sl3=0
15:53:08 sl4=0
15:53:08 bd1=0.00
15:53:08 bd2=0.00
15:53:08 bd3=0.00
15:53:08 bd4=0.00
15:53:08 sd1=0.00
15:53:08 sd2=0.00
15:53:08 sd3=0.00
15:53:08 sd4=0.00
15:53:08 Send At Time 21694845
15:53:08 trigerEvent3
15:53:08 Receive At Time 21695065
15:53:08 No Fields
15:53:08 ======== Dump Receive ========
15:53:08 Dump Buffer Size=56
15:53:08 RequestType=110101
15:53:08 FirstFlag=1
15:53:08 NextFlag=0
15:53:08 RecCount=0
15:53:08 RetCode=0
15:53:08 UserID=0
15:53:08 ParamBits
15:53:08 000000000
15:53:08 000000000
15:53:08 000000000
15:53:08 000000000
15:53:08 000000000
15:53:08 000000000
15:53:08 000000000
15:53:08 000000000
15:53:08 000000000
15:53:08 000000000
15:53:08 000000000
15:53:08 000000000
15:53:08 000000000
15:53:08 000000000
15:53:08 000000000
15:53:08 000000000
15:53:08 000000000
15:53:08 000000000
15:53:08 000000000
15:53:08 000000000
15:53:08 000000000
15:53:08 000000000
15:53:08 000000000
15:53:08 000000000
15:53:08 000000000
15:53:08 000000000
15:53:08 000000000
15:53:08 000000000
15:53:08 000000000
15:53:08 000000000
15:53:08 000000000
15:53:08 000000000
15:53:08 add listener
15:53:08 trigerEvent5
15:53:08 pool dbaccess
15:53:08 remove listener
15:53:08 not pool dbaccess
15:53:08 Command:[客户开户.1]客户号=123456789012;客户类别=3;磁卡号=ck;客户姓名=hyl;资金密码=1;交易密码=1;国籍=2;证件类型=1;证件号码=1;电话=1;邮编=1;地址=1;返回标志=0;
15:54:44 begin free THDataset
15:54:44 THDataset[014F3784] Destroy.
15:54:44 trigerEvent6
15:54:44 trigerEvent1
15:54:44 count=0
15:54:44 TKCAccess[014FC948] Destroy.
